::1 - - [30/Apr/2017:09:20:20 +0000] "GET / HTTP/1.1" 200 - "-" "Mozilla/5.0 (Windows NT 10.0; WOW64) AppleWebKit/537.36 (KHTML, like Gecko) Chrome/54.0.2840.71 Safari/537.36"
::1 - - [30/Apr/2017:09:20:20 +0000] "GET /static/lib/css/zenburn.css HTTP/1.1" 200 947 "http://localhost:8010/" "Mozilla/5.0 (Windows NT 10.0; WOW64) AppleWebKit/537.36 (KHTML, like Gecko) Chrome/54.0.2840.71 Safari/537.36"
::1 - - [30/Apr/2017:09:20:20 +0000] "GET /static/css/theme/black.css HTTP/1.1" 200 - "http://localhost:8010/" "Mozilla/5.0 (Windows NT 10.0; WOW64) AppleWebKit/537.36 (KHTML, like Gecko) Chrome/54.0.2840.71 Safari/537.36"
::1 - - [30/Apr/2017:09:20:20 +0000] "GET /static/lib/js/head.min.js HTTP/1.1" 200 - "http://localhost:8010/" "Mozilla/5.0 (Windows NT 10.0; WOW64) AppleWebKit/537.36 (KHTML, like Gecko) Chrome/54.0.2840.71 Safari/537.36"
::1 - - [30/Apr/2017:09:20:20 +0000] "GET /static/css/reveal.css HTTP/1.1" 200 - "http://localhost:8010/" "Mozilla/5.0 (Windows NT 10.0; WOW64) AppleWebKit/537.36 (KHTML, like Gecko) Chrome/54.0.2840.71 Safari/537.36"
::1 - - [30/Apr/2017:09:20:20 +0000] "GET /static/lib/font/source-sans-pro/source-sans-pro.css HTTP/1.1" 200 - "http://localhost:8010/" "Mozilla/5.0 (Windows NT 10.0; WOW64) AppleWebKit/537.36 (KHTML, like Gecko) Chrome/54.0.2840.71 Safari/537.36"
::1 - - [30/Apr/2017:09:20:20 +0000] "GET /static/js/reveal.js HTTP/1.1" 200 - "http://localhost:8010/" "Mozilla/5.0 (Windows NT 10.0; WOW64) AppleWebKit/537.36 (KHTML, like Gecko) Chrome/54.0.2840.71 Safari/537.36"
::1 - - [30/Apr/2017:09:20:20 +0000] "GET /static/css/print/paper.css HTTP/1.1" 200 - "http://localhost:8010/" "Mozilla/5.0 (Windows NT 10.0; WOW64) AppleWebKit/537.36 (KHTML, like Gecko) Chrome/54.0.2840.71 Safari/537.36"
::1 - - [30/Apr/2017:09:20:20 +0000] "GET /static/lib/font/source-sans-pro/source-sans-pro-italic.woff HTTP/1.1" 200 98556 "http://localhost:8010/static/lib/font/source-sans-pro/source-sans-pro.css" "Mozilla/5.0 (Windows NT 10.0; WOW64) AppleWebKit/537.36 (KHTML, like Gecko) Chrome/54.0.2840.71 Safari/537.36"
::1 - - [30/Apr/2017:09:20:20 +0000] "GET /static/lib/font/source-sans-pro/source-sans-pro-regular.woff HTTP/1.1" 200 114324 "http://localhost:8010/static/lib/font/source-sans-pro/source-sans-pro.css" "Mozilla/5.0 (Windows NT 10.0; WOW64) AppleWebKit/537.36 (KHTML, like Gecko) Chrome/54.0.2840.71 Safari/537.36"
::1 - - [30/Apr/2017:09:20:20 +0000] "GET /static/plugin/markdown/marked.js HTTP/1.1" 200 - "http://localhost:8010/" "Mozilla/5.0 (Windows NT 10.0; WOW64) AppleWebKit/537.36 (KHTML, like Gecko) Chrome/54.0.2840.71 Safari/537.36"
::1 - - [30/Apr/2017:09:20:20 +0000] "GET /static/plugin/markdown/markdown.js HTTP/1.1" 200 - "http://localhost:8010/" "Mozilla/5.0 (Windows NT 10.0; WOW64) AppleWebKit/537.36 (KHTML, like Gecko) Chrome/54.0.2840.71 Safari/537.36"
::1 - - [30/Apr/2017:09:20:20 +0000] "GET /static/plugin/zoom-js/zoom.js HTTP/1.1" 200 - "http://localhost:8010/" "Mozilla/5.0 (Windows NT 10.0; WOW64) AppleWebKit/537.36 (KHTML, like Gecko) Chrome/54.0.2840.71 Safari/537.36"
::1 - - [30/Apr/2017:09:20:20 +0000] "GET /static/plugin/highlight/highlight.js HTTP/1.1" 200 - "http://localhost:8010/" "Mozilla/5.0 (Windows NT 10.0; WOW64) AppleWebKit/537.36 (KHTML, like Gecko) Chrome/54.0.2840.71 Safari/537.36"
::1 - - [30/Apr/2017:09:20:20 +0000] "GET /static/plugin/notes/notes.js HTTP/1.1" 200 - "http://localhost:8010/" "Mozilla/5.0 (Windows NT 10.0; WOW64) AppleWebKit/537.36 (KHTML, like Gecko) Chrome/54.0.2840.71 Safari/537.36"
::1 - - [30/Apr/2017:09:20:20 +0000] "GET /static/lib/font/source-sans-pro/source-sans-pro-semibold.woff HTTP/1.1" 200 115648 "http://localhost:8010/static/lib/font/source-sans-pro/source-sans-pro.css" "Mozilla/5.0 (Windows NT 10.0; WOW64) AppleWebKit/537.36 (KHTML, like Gecko) Chrome/54.0.2840.71 Safari/537.36"
::1 - - [30/Apr/2017:09:20:20 +0000] "GET /favicon.ico HTTP/1.1" 404 24 "http://localhost:8010/" "Mozilla/5.0 (Windows NT 10.0; WOW64) AppleWebKit/537.36 (KHTML, like Gecko) Chrome/54.0.2840.71 Safari/537.36"
::1 - - [30/Apr/2017:09:21:24 +0000] "GET /index.html HTTP/1.1" 200 - "-" "Mozilla/5.0 (Windows NT 10.0; WOW64) AppleWebKit/537.36 (KHTML, like Gecko) Chrome/54.0.2840.71 Safari/537.36"
::1 - - [30/Apr/2017:09:21:28 +0000] "GET /index HTTP/1.1" 404 18 "-" "Mozilla/5.0 (Windows NT 10.0; WOW64) AppleWebKit/537.36 (KHTML, like Gecko) Chrome/54.0.2840.71 Safari/537.36"
::1 - - [30/Apr/2017:09:21:39 +0000] "GET /haha HTTP/1.1" 404 17 "-" "Mozilla/5.0 (Windows NT 10.0; WOW64) AppleWebKit/537.36 (KHTML, like Gecko) Chrome/54.0.2840.71 Safari/537.36"
::1 - - [30/Apr/2017:09:21:42 +0000] "GET /haha.html HTTP/1.1" 200 - "-" "Mozilla/5.0 (Windows NT 10.0; WOW64) AppleWebKit/537.36 (KHTML, like Gecko) Chrome/54.0.2840.71 Safari/537.36"
::1 - - [30/Apr/2017:09:21:42 +0000] "GET /css/reveal.css HTTP/1.1" 404 27 "http://localhost:8010/haha.html" "Mozilla/5.0 (Windows NT 10.0; WOW64) AppleWebKit/537.36 (KHTML, like Gecko) Chrome/54.0.2840.71 Safari/537.36"
::1 - - [30/Apr/2017:09:21:42 +0000] "GET /css/theme/black.css HTTP/1.1" 404 32 "http://localhost:8010/haha.html" "Mozilla/5.0 (Windows NT 10.0; WOW64) AppleWebKit/537.36 (KHTML, like Gecko) Chrome/54.0.2840.71 Safari/537.36"
::1 - - [30/Apr/2017:09:21:42 +0000] "GET /lib/css/zenburn.css HTTP/1.1" 404 32 "http://localhost:8010/haha.html" "Mozilla/5.0 (Windows NT 10.0; WOW64) AppleWebKit/537.36 (KHTML, like Gecko) Chrome/54.0.2840.71 Safari/537.36"
::1 - - [30/Apr/2017:09:21:42 +0000] "GET /lib/js/head.min.js HTTP/1.1" 404 31 "http://localhost:8010/haha.html" "Mozilla/5.0 (Windows NT 10.0; WOW64) AppleWebKit/537.36 (KHTML, like Gecko) Chrome/54.0.2840.71 Safari/537.36"
::1 - - [30/Apr/2017:09:21:42 +0000] "GET /js/reveal.js HTTP/1.1" 404 25 "http://localhost:8010/haha.html" "Mozilla/5.0 (Windows NT 10.0; WOW64) AppleWebKit/537.36 (KHTML, like Gecko) Chrome/54.0.2840.71 Safari/537.36"
::1 - - [30/Apr/2017:09:21:42 +0000] "GET /css/print/paper.css HTTP/1.1" 404 32 "http://localhost:8010/haha.html" "Mozilla/5.0 (Windows NT 10.0; WOW64) AppleWebKit/537.36 (KHTML, like Gecko) Chrome/54.0.2840.71 Safari/537.36"
::1 - - [30/Apr/2017:09:22:21 +0000] "GET /?print-pdf HTTP/1.1" 200 - "-" "Mozilla/5.0 (Windows NT 10.0; WOW64) AppleWebKit/537.36 (KHTML, like Gecko) Chrome/54.0.2840.71 Safari/537.36"
::1 - - [30/Apr/2017:09:22:21 +0000] "GET /static/css/print/pdf.css HTTP/1.1" 200 - "http://localhost:8010/?print-pdf" "Mozilla/5.0 (Windows NT 10.0; WOW64) AppleWebKit/537.36 (KHTML, like Gecko) Chrome/54.0.2840.71 Safari/537.36"
::1 - - [30/Apr/2017:09:22:24 +0000] "GET /?print-pdf HTTP/1.1" 304 - "-" "Mozilla/5.0 (Windows NT 10.0; WOW64) AppleWebKit/537.36 (KHTML, like Gecko) Chrome/54.0.2840.71 Safari/537.36"
::1 - - [30/Apr/2017:09:23:24 +0000] "GET /index.js.map HTTP/1.1" 404 25 "-" "Mozilla/5.0 (Windows NT 10.0; WOW64) AppleWebKit/537.36 (KHTML, like Gecko) Chrome/54.0.2840.71 Safari/537.36"
::1 - - [30/Apr/2017:09:23:34 +0000] "GET /css/reveal.css HTTP/1.1" 404 27 "http://localhost:8010/haha.html" "Mozilla/5.0 (Windows NT 10.0; WOW64) AppleWebKit/537.36 (KHTML, like Gecko) Chrome/54.0.2840.71 Safari/537.36"
::1 - - [30/Apr/2017:09:23:34 +0000] "GET /css/theme/black.css HTTP/1.1" 404 32 "http://localhost:8010/haha.html" "Mozilla/5.0 (Windows NT 10.0; WOW64) AppleWebKit/537.36 (KHTML, like Gecko) Chrome/54.0.2840.71 Safari/537.36"
::1 - - [30/Apr/2017:09:23:34 +0000] "GET /lib/css/zenburn.css HTTP/1.1" 404 32 "http://localhost:8010/haha.html" "Mozilla/5.0 (Windows NT 10.0; WOW64) AppleWebKit/537.36 (KHTML, like Gecko) Chrome/54.0.2840.71 Safari/537.36"
::1 - - [30/Apr/2017:09:23:34 +0000] "GET /lib/js/head.min.js HTTP/1.1" 404 31 "http://localhost:8010/haha.html" "Mozilla/5.0 (Windows NT 10.0; WOW64) AppleWebKit/537.36 (KHTML, like Gecko) Chrome/54.0.2840.71 Safari/537.36"
::1 - - [30/Apr/2017:09:23:34 +0000] "GET /js/reveal.js HTTP/1.1" 404 25 "http://localhost:8010/haha.html" "Mozilla/5.0 (Windows NT 10.0; WOW64) AppleWebKit/537.36 (KHTML, like Gecko) Chrome/54.0.2840.71 Safari/537.36"
::1 - - [30/Apr/2017:09:23:34 +0000] "GET /css/print/paper.css HTTP/1.1" 404 32 "http://localhost:8010/haha.html" "Mozilla/5.0 (Windows NT 10.0; WOW64) AppleWebKit/537.36 (KHTML, like Gecko) Chrome/54.0.2840.71 Safari/537.36"
::1 - - [30/Apr/2017:09:23:34 +0000] "GET /lib/js/head.min.js HTTP/1.1" 404 31 "http://localhost:8010/haha.html" "Mozilla/5.0 (Windows NT 10.0; WOW64) AppleWebKit/537.36 (KHTML, like Gecko) Chrome/54.0.2840.71 Safari/537.36"
::1 - - [30/Apr/2017:09:23:34 +0000] "GET /js/reveal.js HTTP/1.1" 404 25 "http://localhost:8010/haha.html" "Mozilla/5.0 (Windows NT 10.0; WOW64) AppleWebKit/537.36 (KHTML, like Gecko) Chrome/54.0.2840.71 Safari/537.36"
::1 - - [30/Apr/2017:09:23:34 +0000] "GET /index.js.map HTTP/1.1" 404 25 "-" "Mozilla/5.0 (Windows NT 10.0; WOW64) AppleWebKit/537.36 (KHTML, like Gecko) Chrome/54.0.2840.71 Safari/537.36"
::1 - - [30/Apr/2017:09:23:59 +0000] "GET /haha.html HTTP/1.1" 200 - "-" "Mozilla/5.0 (Windows NT 10.0; WOW64) AppleWebKit/537.36 (KHTML, like Gecko) Chrome/54.0.2840.71 Safari/537.36"
::1 - - [30/Apr/2017:09:23:59 +0000] "GET /static/css/reveal.css HTTP/1.1" 304 - "http://localhost:8010/haha.html" "Mozilla/5.0 (Windows NT 10.0; WOW64) AppleWebKit/537.36 (KHTML, like Gecko) Chrome/54.0.2840.71 Safari/537.36"
::1 - - [30/Apr/2017:09:23:59 +0000] "GET /static/css/theme/black.css HTTP/1.1" 304 - "http://localhost:8010/haha.html" "Mozilla/5.0 (Windows NT 10.0; WOW64) AppleWebKit/537.36 (KHTML, like Gecko) Chrome/54.0.2840.71 Safari/537.36"
::1 - - [30/Apr/2017:09:23:59 +0000] "GET /static/lib/css/zenburn.css HTTP/1.1" 304 - "http://localhost:8010/haha.html" "Mozilla/5.0 (Windows NT 10.0; WOW64) AppleWebKit/537.36 (KHTML, like Gecko) Chrome/54.0.2840.71 Safari/537.36"
::1 - - [30/Apr/2017:09:23:59 +0000] "GET /lib/js/head.min.js HTTP/1.1" 404 31 "http://localhost:8010/haha.html" "Mozilla/5.0 (Windows NT 10.0; WOW64) AppleWebKit/537.36 (KHTML, like Gecko) Chrome/54.0.2840.71 Safari/537.36"
::1 - - [30/Apr/2017:09:23:59 +0000] "GET /js/reveal.js HTTP/1.1" 404 25 "http://localhost:8010/haha.html" "Mozilla/5.0 (Windows NT 10.0; WOW64) AppleWebKit/537.36 (KHTML, like Gecko) Chrome/54.0.2840.71 Safari/537.36"
::1 - - [30/Apr/2017:09:23:59 +0000] "GET /static/lib/font/source-sans-pro/source-sans-pro.css HTTP/1.1" 304 - "http://localhost:8010/haha.html" "Mozilla/5.0 (Windows NT 10.0; WOW64) AppleWebKit/537.36 (KHTML, like Gecko) Chrome/54.0.2840.71 Safari/537.36"
::1 - - [30/Apr/2017:09:23:59 +0000] "GET /static/css/print/paper.css HTTP/1.1" 304 - "http://localhost:8010/haha.html" "Mozilla/5.0 (Windows NT 10.0; WOW64) AppleWebKit/537.36 (KHTML, like Gecko) Chrome/54.0.2840.71 Safari/537.36"
::1 - - [30/Apr/2017:09:23:59 +0000] "GET /lib/js/head.min.js HTTP/1.1" 404 31 "http://localhost:8010/haha.html" "Mozilla/5.0 (Windows NT 10.0; WOW64) AppleWebKit/537.36 (KHTML, like Gecko) Chrome/54.0.2840.71 Safari/537.36"
::1 - - [30/Apr/2017:09:23:59 +0000] "GET /static/lib/font/source-sans-pro/source-sans-pro-italic.woff HTTP/1.1" 304 - "http://localhost:8010/static/lib/font/source-sans-pro/source-sans-pro.css" "Mozilla/5.0 (Windows NT 10.0; WOW64) AppleWebKit/537.36 (KHTML, like Gecko) Chrome/54.0.2840.71 Safari/537.36"
::1 - - [30/Apr/2017:09:23:59 +0000] "GET /static/lib/font/source-sans-pro/source-sans-pro-regular.woff HTTP/1.1" 304 - "http://localhost:8010/static/lib/font/source-sans-pro/source-sans-pro.css" "Mozilla/5.0 (Windows NT 10.0; WOW64) AppleWebKit/537.36 (KHTML, like Gecko) Chrome/54.0.2840.71 Safari/537.36"
::1 - - [30/Apr/2017:09:24:00 +0000] "GET /js/reveal.js HTTP/1.1" 404 25 "http://localhost:8010/haha.html" "Mozilla/5.0 (Windows NT 10.0; WOW64) AppleWebKit/537.36 (KHTML, like Gecko) Chrome/54.0.2840.71 Safari/537.36"
::1 - - [30/Apr/2017:09:24:00 +0000] "GET /index.js.map HTTP/1.1" 404 25 "-" "Mozilla/5.0 (Windows NT 10.0; WOW64) AppleWebKit/537.36 (KHTML, like Gecko) Chrome/54.0.2840.71 Safari/537.36"
::1 - - [30/Apr/2017:09:34:18 +0000] "GET /first.html HTTP/1.1" 200 - "-" "Mozilla/5.0 (Windows NT 10.0; WOW64) AppleWebKit/537.36 (KHTML, like Gecko) Chrome/54.0.2840.71 Safari/537.36"
::1 - - [30/Apr/2017:09:34:18 +0000] "GET /lib/js/head.min.js HTTP/1.1" 404 31 "http://localhost:8010/first.html" "Mozilla/5.0 (Windows NT 10.0; WOW64) AppleWebKit/537.36 (KHTML, like Gecko) Chrome/54.0.2840.71 Safari/537.36"
::1 - - [30/Apr/2017:09:34:18 +0000] "GET /js/reveal.js HTTP/1.1" 404 25 "http://localhost:8010/first.html" "Mozilla/5.0 (Windows NT 10.0; WOW64) AppleWebKit/537.36 (KHTML, like Gecko) Chrome/54.0.2840.71 Safari/537.36"
::1 - - [30/Apr/2017:09:34:18 +0000] "GET /lib/js/head.min.js HTTP/1.1" 404 31 "http://localhost:8010/first.html" "Mozilla/5.0 (Windows NT 10.0; WOW64) AppleWebKit/537.36 (KHTML, like Gecko) Chrome/54.0.2840.71 Safari/537.36"
::1 - - [30/Apr/2017:09:34:18 +0000] "GET /js/reveal.js HTTP/1.1" 404 25 "http://localhost:8010/first.html" "Mozilla/5.0 (Windows NT 10.0; WOW64) AppleWebKit/537.36 (KHTML, like Gecko) Chrome/54.0.2840.71 Safari/537.36"
::1 - - [30/Apr/2017:09:34:18 +0000] "GET /index.js.map HTTP/1.1" 404 25 "-" "Mozilla/5.0 (Windows NT 10.0; WOW64) AppleWebKit/537.36 (KHTML, like Gecko) Chrome/54.0.2840.71 Safari/537.36"
